[INFO] Scanning for projects...
[INFO] 
[INFO] ------------< org.example.talend_project.job:Dynamic_type >-------------
[INFO] Building TALEND_PROJECT Dynamic_type-0.1.0 (0.1,Job Designs) 0.1.0
[INFO]   from pom.xml
[INFO] --------------------------------[ jar ]---------------------------------
[WARNING] The POM for org.talend.components:talendcsv:jar:1.1.0 is missing, no dependency information available
[WARNING] The POM for org.ow2.asm:asm:jar:9.3 is missing, no dependency information available
[WARNING] The POM for com.fasterxml.jackson.core:jackson-core:jar:2.14.0 is missing, no dependency information available
[WARNING] The POM for com.fasterxml.jackson.core:jackson-annotations:jar:2.14.0 is missing, no dependency information available
[INFO] 
[INFO] --- builder:8.0.18:generate (default) @ Dynamic_type ---
[INFO] Skipping ci-builder
[INFO] 
[INFO] --- resources:3.3.1:resources (default-resources) @ Dynamic_type ---
[WARNING] Using platform encoding (UTF-8 actually) to copy filtered resources, i.e. build is platform dependent!
[INFO] Copying 1 resource from src\main\resources to target\classes
[INFO] 
[INFO] --- compiler:3.11.0:compile (default-compile) @ Dynamic_type ---
[WARNING] The POM for org.codehaus.plexus:plexus-archiver:jar:4.7.1 is missing, no dependency information available
[WARNING] The POM for org.bouncycastle:bcpg-jdk18on:jar:1.73 is missing, no dependency information available
[WARNING] The POM for org.bouncycastle:bcprov-jdk18on:jar:1.73 is missing, no dependency information available
[WARNING] The POM for org.bouncycastle:bcpg-jdk18on:jar:1.71 is missing, no dependency information available
[WARNING] The POM for org.bouncycastle:bcpg-jdk18on:jar:1.71.1 is missing, no dependency information available
[WARNING] The POM for org.bouncycastle:bcpg-jdk18on:jar:1.72 is missing, no dependency information available
[WARNING] The POM for org.bouncycastle:bcpg-jdk18on:jar:1.72.1 is missing, no dependency information available
[WARNING] The POM for org.bouncycastle:bcpg-jdk18on:jar:1.72.2 is missing, no dependency information available
[WARNING] The POM for commons-io:commons-io:jar:2.16.1 is missing, no dependency information available
[WARNING] The POM for org.apache.commons:commons-compress:jar:1.23.0 is missing, no dependency information available
[WARNING] The POM for commons-io:commons-io:jar:2.6 is missing, no dependency information available
[INFO] Not compiling main sources
[INFO] 
[INFO] --- resources:3.3.1:testResources (default-testResources) @ Dynamic_type ---
[INFO] Not copying test resources
[INFO] 
[INFO] --- compiler:3.11.0:testCompile (default-testCompile) @ Dynamic_type ---
[INFO] Not compiling test sources
[INFO] 
[INFO] --- surefire:3.3.0:test (default-test) @ Dynamic_type ---
[INFO] Tests are skipped.
[INFO] 
[INFO] --- jar:3.3.0:jar (default-jar) @ Dynamic_type ---
[WARNING] The POM for org.codehaus.plexus:plexus-archiver:jar:4.4.0 is missing, no dependency information available
[INFO] Building jar: C:\Talend-Studio-20240527_1700-V8.0.1\Talend-Studio-20240527_1700-V8.0.1\workspace\Talend_Project-1954086035\TALEND_PROJECT\poms\jobs\process\dynamic_type_0.1\target\dynamic_type_0_1.jar
[INFO] 
[INFO] --- assembly:3.6.0:single (default) @ Dynamic_type ---
[WARNING] The POM for org.slf4j:slf4j-api:jar:1.7.30 is missing, no dependency information available
[WARNING] The POM for com.google.guava:guava:jar:25.1-android is missing, no dependency information available
[INFO] Reading assembly descriptor: C:\Talend-Studio-20240527_1700-V8.0.1\Talend-Studio-20240527_1700-V8.0.1\workspace\Talend_Project-1954086035\TALEND_PROJECT\poms\jobs\process\dynamic_type_0.1/src/main/assemblies/assembly.xml
[INFO] Building zip: C:\Talend-Studio-20240527_1700-V8.0.1\Talend-Studio-20240527_1700-V8.0.1\workspace\Talend_Project-1954086035\TALEND_PROJECT\poms\jobs\process\dynamic_type_0.1\target\dynamic_type_0_1.zip
[INFO] 
[INFO] --- signer:8.0.13:sign (sign) @ Dynamic_type ---
[WARNING] The POM for org.codehaus.plexus:plexus-utils:jar:1.5.5 is missing, no dependency information available
[INFO] Start to sign the job artifact
[INFO] Start to sign artifact, the source file is dynamic_type_0_1.zip and target file is dynamic_type_0_1_sign_.zip
[INFO] ------------------------------------------------------------------------
[INFO] BUILD SUCCESS
[INFO] ------------------------------------------------------------------------
[INFO] Total time:  46.918 s
[INFO] Finished at: 2024-11-14T15:42:55+05:30
[INFO] ------------------------------------------------------------------------
